2016-11-07 15:02:35 INFO  ThriftClientSample:23 - Timestamp: 1478527355831; Random: 923
2016-11-07 15:02:35 WARN  DASManager:76 - This message has been sent: 
Event{
  streamId='null',
  timeStamp=0,
  metaData=null,
  correlationData=null,
  payloadData=[1478527355831, 923],
  arbitraryDataMap=null,
}

2016-11-07 15:02:36 ERROR DataEndpoint:249 - Unexpected error occurred while sending the event. 
java.lang.NullPointerException
	at org.apache.thrift.protocol.TBinaryProtocol.writeString(TBinaryProtocol.java:185)
	at org.wso2.carbon.databridge.commons.thrift.data.ThriftEventBundle.write(ThriftEventBundle.java:1061)
	at org.wso2.carbon.databridge.commons.thrift.service.general.ThriftEventTransmissionService$publish_args.write(ThriftEventTransmissionService.java:2782)
	at org.apache.thrift.TServiceClient.sendBase(TServiceClient.java:63)
	at org.wso2.carbon.databridge.commons.thrift.service.general.ThriftEventTransmissionService$Client.send_publish(ThriftEventTransmissionService.java:140)
	at org.wso2.carbon.databridge.commons.thrift.service.general.ThriftEventTransmissionService$Client.publish(ThriftEventTransmissionService.java:132)
	at org.wso2.carbon.databridge.agent.endpoint.thrift.ThriftDataEndpoint.send(ThriftDataEndpoint.java:76)
	at org.wso2.carbon.databridge.agent.endpoint.DataEndpoint$EventPublisher.publish(DataEndpoint.java:277)
	at org.wso2.carbon.databridge.agent.endpoint.DataEndpoint$EventPublisher.run(DataEndpoint.java:230)
	at java.lang.Thread.run(Thread.java:745)
	at java.util.concurrent.Executors$RunnableAdapter.call(Executors.java:511)
	at java.util.concurrent.FutureTask.run(FutureTask.java:266)
	at java.util.concurrent.ThreadPoolExecutor.runWorker(ThreadPoolExecutor.java:1142)
	at java.util.concurrent.ThreadPoolExecutor$Worker.run(ThreadPoolExecutor.java:617)
	at java.lang.Thread.run(Thread.java:745)
2016-11-07 15:02:36 DEBUG DataEndpoint:263 - Current threads count is : 1, maxPoolSize is : 1, therefore state is now : UNAVAILABLEat time : 108412693846032
2016-11-07 15:02:36 INFO  ThriftClientSample:23 - Timestamp: 1478527356840; Random: 818
2016-11-07 15:02:36 WARN  DASManager:76 - This message has been sent: 
Event{
  streamId='null',
  timeStamp=0,
  metaData=null,
  correlationData=null,
  payloadData=[1478527356840, 818],
  arbitraryDataMap=null,
}

2016-11-07 15:02:37 INFO  ThriftClientSample:23 - Timestamp: 1478527357842; Random: 327
2016-11-07 15:02:37 WARN  DASManager:76 - This message has been sent: 
Event{
  streamId='null',
  timeStamp=0,
  metaData=null,
  correlationData=null,
  payloadData=[1478527357842, 327],
  arbitraryDataMap=null,
}

2016-11-07 15:02:38 INFO  ThriftClientSample:23 - Timestamp: 1478527358845; Random: 139
2016-11-07 15:02:38 WARN  DASManager:76 - This message has been sent: 
Event{
  streamId='null',
  timeStamp=0,
  metaData=null,
  correlationData=null,
  payloadData=[1478527358845, 139],
  arbitraryDataMap=null,
}

2016-11-07 15:02:39 INFO  ThriftClientSample:23 - Timestamp: 1478527359848; Random: 587
2016-11-07 15:02:39 WARN  DASManager:76 - This message has been sent: 
Event{
  streamId='null',
  timeStamp=0,
  metaData=null,
  correlationData=null,
  payloadData=[1478527359848, 587],
  arbitraryDataMap=null,
}

2016-11-07 15:02:40 INFO  ThriftClientSample:23 - Timestamp: 1478527360849; Random: 782
2016-11-07 15:02:40 WARN  DASManager:76 - This message has been sent: 
Event{
  streamId='null',
  timeStamp=0,
  metaData=null,
  correlationData=null,
  payloadData=[1478527360849, 782],
  arbitraryDataMap=null,
}

2016-11-07 15:02:41 WARN  TIOStreamTransport:112 - Error closing output stream.
java.net.SocketException: Socket closed
	at java.net.SocketOutputStream.socketWrite(SocketOutputStream.java:116)
	at java.net.SocketOutputStream.write(SocketOutputStream.java:153)
	at java.io.BufferedOutputStream.flushBuffer(BufferedOutputStream.java:82)
	at java.io.BufferedOutputStream.flush(BufferedOutputStream.java:140)
	at java.io.FilterOutputStream.close(FilterOutputStream.java:158)
	at org.apache.thrift.transport.TIOStreamTransport.close(TIOStreamTransport.java:110)
	at org.apache.thrift.transport.TSocket.close(TSocket.java:194)
	at org.wso2.carbon.databridge.agent.endpoint.thrift.ThriftClientPoolFactory.terminateClient(ThriftClientPoolFactory.java:66)
	at org.wso2.carbon.databridge.agent.client.AbstractClientPoolFactory.destroyObject(AbstractClientPoolFactory.java:71)
	at org.apache.commons.pool.impl.GenericKeyedObjectPool.evict(GenericKeyedObjectPool.java:1976)
	at org.apache.commons.pool.impl.GenericKeyedObjectPool$Evictor.run(GenericKeyedObjectPool.java:2350)
	at java.util.TimerThread.mainLoop(Timer.java:555)
	at java.util.TimerThread.run(Timer.java:505)
2016-11-07 15:02:41 INFO  ThriftClientSample:23 - Timestamp: 1478527361851; Random: 338
2016-11-07 15:02:41 WARN  DASManager:76 - This message has been sent: 
Event{
  streamId='null',
  timeStamp=0,
  metaData=null,
  correlationData=null,
  payloadData=[1478527361851, 338],
  arbitraryDataMap=null,
}

2016-11-07 15:02:42 INFO  ThriftClientSample:23 - Timestamp: 1478527362856; Random: 513
2016-11-07 15:02:42 WARN  DASManager:76 - This message has been sent: 
Event{
  streamId='null',
  timeStamp=0,
  metaData=null,
  correlationData=null,
  payloadData=[1478527362856, 513],
  arbitraryDataMap=null,
}

2016-11-07 15:02:43 INFO  ThriftClientSample:23 - Timestamp: 1478527363857; Random: 336
2016-11-07 15:02:43 WARN  DASManager:76 - This message has been sent: 
Event{
  streamId='null',
  timeStamp=0,
  metaData=null,
  correlationData=null,
  payloadData=[1478527363857, 336],
  arbitraryDataMap=null,
}

2016-11-07 15:02:44 INFO  ThriftClientSample:23 - Timestamp: 1478527364857; Random: 751
2016-11-07 15:02:44 WARN  DASManager:76 - This message has been sent: 
Event{
  streamId='null',
  timeStamp=0,
  metaData=null,
  correlationData=null,
  payloadData=[1478527364857, 751],
  arbitraryDataMap=null,
}

2016-11-07 15:02:45 INFO  ThriftClientSample:23 - Timestamp: 1478527365861; Random: 514
2016-11-07 15:02:45 WARN  DASManager:76 - This message has been sent: 
Event{
  streamId='null',
  timeStamp=0,
  metaData=null,
  correlationData=null,
  payloadData=[1478527365861, 514],
  arbitraryDataMap=null,
}

2016-11-07 15:02:46 INFO  ThriftClientSample:23 - Timestamp: 1478527366864; Random: 994
2016-11-07 15:02:46 WARN  DASManager:76 - This message has been sent: 
Event{
  streamId='null',
  timeStamp=0,
  metaData=null,
  correlationData=null,
  payloadData=[1478527366864, 994],
  arbitraryDataMap=null,
}

